#! /usr/bin/vvp
:ivl_version "0.9.7 " "(v0_9_7)";
:vpi_time_precision + 0;
:vpi_module "system";
:vpi_module "v2005_math";
:vpi_module "va_math";
S_0xa7e760 .scope module, "mult16" "mult16" 2 1;
 .timescale 0 0;
L_0xaf3b80 .functor AND 1, L_0xaf3c10, L_0xaf4110, C4<1>, C4<1>;
L_0xaf42d0 .functor AND 1, L_0xaf43b0, L_0xaf44f0, C4<1>, C4<1>;
L_0xaf4760 .functor AND 1, L_0xaf4810, L_0xaf4950, C4<1>, C4<1>;
L_0xaf4b40 .functor AND 1, L_0xaf4ba0, L_0xaf4d20, C4<1>, C4<1>;
L_0xaf4ae0 .functor AND 1, L_0xaf4ff0, L_0xaf5110, C4<1>, C4<1>;
L_0xaf5330 .functor AND 1, L_0xaf53e0, L_0xaf54d0, C4<1>, C4<1>;
L_0xaf52a0 .functor AND 1, L_0xaf5750, L_0xaf55c0, C4<1>, C4<1>;
L_0xaf5840 .functor AND 1, L_0xaf5af0, L_0xaf5cf0, C4<1>, C4<1>;
L_0xaf4dc0 .functor AND 1, L_0xaf6080, L_0xaf5ea0, C4<1>, C4<1>;
L_0xaf6170 .functor AND 1, L_0xaf6490, L_0xaf6530, C4<1>, C4<1>;
L_0xaf6720 .functor AND 1, L_0xaf6780, L_0xaf6620, C4<1>, C4<1>;
L_0xaf6870 .functor AND 1, L_0xaf6b40, L_0xaf6be0, C4<1>, C4<1>;
L_0xaf6430 .functor AND 1, L_0xaf6e00, L_0xaf6cd0, C4<1>, C4<1>;
L_0xaf6ef0 .functor AND 1, L_0xaf7220, L_0xaf72c0, C4<1>, C4<1>;
L_0xaf7170 .functor AND 1, L_0xaf7510, L_0xaf73b0, C4<1>, C4<1>;
L_0xaf74a0 .functor AND 1, L_0xaf7990, L_0xaf5be0, C4<1>, C4<1>;
L_0xafb2a0 .functor AND 1, L_0xafba70, L_0xafb760, C4<1>, C4<1>;
L_0xafb940 .functor AND 1, L_0xafbee0, L_0xafbf80, C4<1>, C4<1>;
L_0xafbc00 .functor AND 1, L_0xafbcb0, L_0xafbda0, C4<1>, C4<1>;
L_0xafc070 .functor AND 1, L_0xafbe40, L_0xafc1d0, C4<1>, C4<1>;
L_0xafc810 .functor AND 1, L_0xafc8c0, L_0xafc4f0, C4<1>, C4<1>;
L_0xafc680 .functor AND 1, L_0xafc0d0, L_0xafcd40, C4<1>, C4<1>;
L_0xafca50 .functor AND 1, L_0xafcb00, L_0xafcbf0, C4<1>, C4<1>;
L_0xafc460 .functor AND 1, L_0xafce80, L_0xafcf70, C4<1>, C4<1>;
L_0xb008a0 .functor AND 1, L_0xb00950, L_0xb014d0, C4<1>, C4<1>;
L_0xb01010 .functor AND 1, L_0xb010c0, L_0xb011b0, C4<1>, C4<1>;
L_0xb01340 .functor AND 1, L_0xb013f0, L_0xb01610, C4<1>, C4<1>;
L_0xaefe20 .functor AND 1, L_0xafc730, L_0xb01970, C4<1>, C4<1>;
L_0xb01a60 .functor AND 1, L_0xb02140, L_0xb01b40, C4<1>, C4<1>;
L_0xb01cd0 .functor AND 1, L_0xb01830, L_0xb01e80, C4<1>, C4<1>;
L_0xb02770 .functor AND 1, L_0xb02820, L_0xb02230, C4<1>, C4<1>;
L_0xb017a0 .functor AND 1, L_0xb01d80, L_0xb02630, C4<1>, C4<1>;
v0xaef780_0 .net "A", 7 0, C4<zzzzzzzz>; 0 drivers
v0xaef840_0 .net "B", 7 0, C4<zzzzzzzz>; 0 drivers
RS_0x7f551a9e16f8 .resolv tri, L_0xaf3a80, L_0xaf5fe0, L_0xafd340, L_0xaf7d90;
v0xaef8e0_0 .net8 "Y", 15 0, RS_0x7f551a9e16f8; 4 drivers
v0xaef980_0 .net *"_s1", 0 0, L_0xaf3b80; 1 drivers
v0xaefa30_0 .net *"_s102", 0 0, L_0xaf7510; 1 drivers
v0xaefad0_0 .net *"_s104", 0 0, L_0xaf73b0; 1 drivers
v0xaefb70_0 .net *"_s106", 0 0, L_0xaf74a0; 1 drivers
v0xaefc10_0 .net *"_s109", 0 0, L_0xaf7990; 1 drivers
v0xaefd00_0 .net *"_s11", 0 0, L_0xaf43b0; 1 drivers
v0xaefda0_0 .net *"_s111", 0 0, L_0xaf5be0; 1 drivers
v0xaefea0_0 .net *"_s13", 0 0, L_0xaf44f0; 1 drivers
v0xaeff40_0 .net *"_s15", 0 0, L_0xaf4760; 1 drivers
v0xaf0050_0 .net *"_s18", 0 0, L_0xaf4810; 1 drivers
v0xaf00f0_0 .net *"_s189", 0 0, L_0xafb2a0; 1 drivers
v0xaf0210_0 .net *"_s192", 0 0, L_0xafba70; 1 drivers
v0xaf02b0_0 .net *"_s194", 0 0, L_0xafb760; 1 drivers
v0xaf0170_0 .net *"_s196", 0 0, L_0xafb940; 1 drivers
v0xaf0400_0 .net *"_s199", 0 0, L_0xafbee0; 1 drivers
v0xaf0520_0 .net *"_s20", 0 0, L_0xaf4950; 1 drivers
v0xaf05a0_0 .net *"_s201", 0 0, L_0xafbf80; 1 drivers
v0xaf0480_0 .net *"_s203", 0 0, L_0xafbc00; 1 drivers
v0xaf06d0_0 .net *"_s206", 0 0, L_0xafbcb0; 1 drivers
v0xaf0620_0 .net *"_s208", 0 0, L_0xafbda0; 1 drivers
v0xaf0810_0 .net *"_s210", 0 0, L_0xafc070; 1 drivers
v0xaf0770_0 .net *"_s213", 0 0, L_0xafbe40; 1 drivers
v0xaf0960_0 .net *"_s215", 0 0, L_0xafc1d0; 1 drivers
v0xaf08b0_0 .net *"_s217", 0 0, L_0xafc810; 1 drivers
v0xaf0ac0_0 .net *"_s22", 0 0, L_0xaf4b40; 1 drivers
v0xaf0a00_0 .net *"_s220", 0 0, L_0xafc8c0; 1 drivers
v0xaf0c30_0 .net *"_s222", 0 0, L_0xafc4f0; 1 drivers
v0xaf0b40_0 .net *"_s224", 0 0, L_0xafc680; 1 drivers
v0xaf0db0_0 .net *"_s227", 0 0, L_0xafc0d0; 1 drivers
v0xaf0cb0_0 .net *"_s229", 0 0, L_0xafcd40; 1 drivers
v0xaf0f40_0 .net *"_s231", 0 0, L_0xafca50; 1 drivers
v0xaf0e30_0 .net *"_s234", 0 0, L_0xafcb00; 1 drivers
v0xaf10e0_0 .net *"_s236", 0 0, L_0xafcbf0; 1 drivers
v0xaf0fc0_0 .net *"_s238", 0 0, L_0xafc460; 1 drivers
v0xaf1060_0 .net *"_s241", 0 0, L_0xafce80; 1 drivers
v0xaf12a0_0 .net *"_s243", 0 0, L_0xafcf70; 1 drivers
v0xaf1320_0 .net *"_s25", 0 0, L_0xaf4ba0; 1 drivers
v0xaf1160_0 .net *"_s27", 0 0, L_0xaf4d20; 1 drivers
v0xaf1200_0 .net *"_s29", 0 0, L_0xaf4ae0; 1 drivers
v0xaf1500_0 .net *"_s32", 0 0, L_0xaf4ff0; 1 drivers
v0xaf1580_0 .net *"_s323", 0 0, L_0xb008a0; 1 drivers
v0xaf13a0_0 .net *"_s326", 0 0, L_0xb00950; 1 drivers
v0xaf1440_0 .net *"_s328", 0 0, L_0xb014d0; 1 drivers
v0xaf1780_0 .net *"_s330", 0 0, L_0xb01010; 1 drivers
v0xaf1800_0 .net *"_s333", 0 0, L_0xb010c0; 1 drivers
v0xaf1600_0 .net *"_s335", 0 0, L_0xb011b0; 1 drivers
v0xaf1680_0 .net *"_s337", 0 0, L_0xb01340; 1 drivers
v0xaf1a20_0 .net *"_s34", 0 0, L_0xaf5110; 1 drivers
v0xaf1aa0_0 .net *"_s340", 0 0, L_0xb013f0; 1 drivers
v0xaf1880_0 .net *"_s342", 0 0, L_0xb01610; 1 drivers
v0xaf1900_0 .net *"_s344", 0 0, L_0xaefe20; 1 drivers
v0xaf19a0_0 .net *"_s347", 0 0, L_0xafc730; 1 drivers
v0xaf1ce0_0 .net *"_s349", 0 0, L_0xb01970; 1 drivers
v0xaf1b20_0 .net *"_s351", 0 0, L_0xb01a60; 1 drivers
v0xaf1ba0_0 .net *"_s354", 0 0, L_0xb02140; 1 drivers
v0xaf1c40_0 .net *"_s356", 0 0, L_0xb01b40; 1 drivers
v0xaf1f40_0 .net *"_s358", 0 0, L_0xb01cd0; 1 drivers
v0xaf1d60_0 .net *"_s36", 0 0, L_0xaf5330; 1 drivers
v0xaf1e00_0 .net *"_s361", 0 0, L_0xb01830; 1 drivers
v0xaf1ea0_0 .net *"_s363", 0 0, L_0xb01e80; 1 drivers
v0xaf21c0_0 .net *"_s365", 0 0, L_0xb02770; 1 drivers
v0xaf1fc0_0 .net *"_s368", 0 0, L_0xb02820; 1 drivers
v0xaf2060_0 .net *"_s370", 0 0, L_0xb02230; 1 drivers
v0xaf2100_0 .net *"_s372", 0 0, L_0xb017a0; 1 drivers
v0xaf2460_0 .net *"_s375", 0 0, L_0xb01d80; 1 drivers
v0xaf2240_0 .net *"_s377", 0 0, L_0xb02630; 1 drivers
v0xaf22c0_0 .net *"_s39", 0 0, L_0xaf53e0; 1 drivers
v0xaf2360_0 .net *"_s4", 0 0, L_0xaf3c10; 1 drivers
v0xaf2720_0 .net *"_s41", 0 0, L_0xaf54d0; 1 drivers
v0xaf24e0_0 .net *"_s43", 0 0, L_0xaf52a0; 1 drivers
v0xaf2580_0 .net *"_s46", 0 0, L_0xaf5750; 1 drivers
v0xaf2620_0 .net *"_s48", 0 0, L_0xaf55c0; 1 drivers
v0xaf2a00_0 .net *"_s50", 0 0, L_0xaf5840; 1 drivers
v0xaf27a0_0 .net *"_s53", 0 0, L_0xaf5af0; 1 drivers
v0xaf2820_0 .net *"_s55", 0 0, L_0xaf5cf0; 1 drivers
v0xaf28c0_0 .net *"_s57", 0 0, L_0xaf4dc0; 1 drivers
v0xaf2960_0 .net *"_s6", 0 0, L_0xaf4110; 1 drivers
v0xaf2d10_0 .net *"_s60", 0 0, L_0xaf6080; 1 drivers
v0xaf2d90_0 .net *"_s62", 0 0, L_0xaf5ea0; 1 drivers
v0xaf2a80_0 .net *"_s64", 0 0, L_0xaf6170; 1 drivers
v0xaf2b00_0 .net *"_s67", 0 0, L_0xaf6490; 1 drivers
v0xaf2ba0_0 .net *"_s69", 0 0, L_0xaf6530; 1 drivers
v0xaf2c40_0 .net *"_s71", 0 0, L_0xaf6720; 1 drivers
v0xaf30d0_0 .net *"_s74", 0 0, L_0xaf6780; 1 drivers
v0xaf3150_0 .net *"_s76", 0 0, L_0xaf6620; 1 drivers
v0xaf2e10_0 .net *"_s78", 0 0, L_0xaf6870; 1 drivers
v0xaf2eb0_0 .net *"_s8", 0 0, L_0xaf42d0; 1 drivers
v0xaf2f50_0 .net *"_s81", 0 0, L_0xaf6b40; 1 drivers
v0xaf2ff0_0 .net *"_s83", 0 0, L_0xaf6be0; 1 drivers
v0xaf34c0_0 .net *"_s85", 0 0, L_0xaf6430; 1 drivers
v0xaf3540_0 .net *"_s88", 0 0, L_0xaf6e00; 1 drivers
v0xaf31d0_0 .net *"_s90", 0 0, L_0xaf6cd0; 1 drivers
v0xaf3270_0 .net *"_s92", 0 0, L_0xaf6ef0; 1 drivers
v0xaf3310_0 .net *"_s95", 0 0, L_0xaf7220; 1 drivers
v0xaf33b0_0 .net *"_s97", 0 0, L_0xaf72c0; 1 drivers
v0xaf38e0_0 .net *"_s99", 0 0, L_0xaf7170; 1 drivers
RS_0x7f551a9e2928/0/0 .resolv tri, L_0xaf4200, L_0xaf4670, L_0xaf4a40, L_0xaf4ec0;
RS_0x7f551a9e2928/0/4 .resolv tri, L_0xaf5200, L_0xaf5660, L_0xaf5940, L_0xaf59e0;
RS_0x7f551a9e2928/0/8 .resolv tri, L_0xaf62a0, L_0xaf6340, L_0xaf6980, L_0xaf6a20;
RS_0x7f551a9e2928/0/12 .resolv tri, L_0xaf7030, L_0xaf70d0, L_0xaf7770, C4<zzzzzzzzzzzzzzz>;
RS_0x7f551a9e2928 .resolv tri, RS_0x7f551a9e2928/0/0, RS_0x7f551a9e2928/0/4, RS_0x7f551a9e2928/0/8, RS_0x7f551a9e2928/0/12;
v0xaf3960_0 .net8 "l0", 15 1, RS_0x7f551a9e2928; 15 drivers
RS_0x7f551a9e2958/0/0 .resolv tri, L_0xaf7ea0, L_0xaf8850, L_0xaf92b0, L_0xaf9b00;
RS_0x7f551a9e2958/0/4 .resolv tri, L_0xafa000, L_0xafa4d0, L_0xafb330, L_0xafb510;
RS_0x7f551a9e2958 .resolv tri, RS_0x7f551a9e2958/0/0, RS_0x7f551a9e2958/0/4, C4<zzzzzzzz>, C4<zzzzzzzz>;
v0xaf35c0_0 .net8 "l0c", 7 0, RS_0x7f551a9e2958; 8 drivers
RS_0x7f551a9e2988/0/0 .resolv tri, L_0xaf82e0, L_0xaf91c0, L_0xaf9440, L_0xaf9a20;
RS_0x7f551a9e2988/0/4 .resolv tri, L_0xafa3e0, L_0xafaac0, L_0xafb420, C4<zzzzzzz>;
RS_0x7f551a9e2988 .resolv tri, RS_0x7f551a9e2988/0/0, RS_0x7f551a9e2988/0/4, C4<zzzzzzz>, C4<zzzzzzz>;
v0xaf3660_0 .net8 "l0s", 6 0, RS_0x7f551a9e2988; 7 drivers
RS_0x7f551a9e29b8/0/0 .resolv tri, L_0xafb600, L_0xafb850, L_0xafbb60, L_0xafc3c0;
RS_0x7f551a9e29b8/0/4 .resolv tri, L_0xafc2c0, L_0xafc5e0, L_0xafc9b0, L_0xafd190;
RS_0x7f551a9e29b8 .resolv tri, RS_0x7f551a9e29b8/0/0, RS_0x7f551a9e29b8/0/4, C4<zzzzzzzz>, C4<zzzzzzzz>;
v0xaf3700_0 .net8 "l1", 7 0, RS_0x7f551a9e29b8; 8 drivers
RS_0x7f551a9e29e8/0/0 .resolv tri, L_0xafd430, L_0xafdb40, L_0xafe300, L_0xafe7a0;
RS_0x7f551a9e29e8/0/4 .resolv tri, L_0xaff380, L_0xaff770, L_0xb00150, L_0xb00710;
RS_0x7f551a9e29e8 .resolv tri, RS_0x7f551a9e29e8/0/0, RS_0x7f551a9e29e8/0/4, C4<zzzzzzzz>, C4<zzzzzzzz>;
v0xaf37a0_0 .net8 "l1c", 7 0, RS_0x7f551a9e29e8; 8 drivers
RS_0x7f551a9e2a18/0/0 .resolv tri, L_0xafda50, L_0xafe210, L_0xaf0330, L_0xaff2e0;
RS_0x7f551a9e2a18/0/4 .resolv tri, L_0xaff680, L_0xb00060, L_0xb00620, C4<zzzzzzz>;
RS_0x7f551a9e2a18 .resolv tri, RS_0x7f551a9e2a18/0/0, RS_0x7f551a9e2a18/0/4, C4<zzzzzzz>, C4<zzzzzzz>;
v0xaf3840_0 .net8 "l1s", 6 0, RS_0x7f551a9e2a18; 7 drivers
RS_0x7f551a9e2a48/0/0 .resolv tri, L_0xb00800, L_0xb01570, L_0xb012a0, L_0xb01700;
RS_0x7f551a9e2a48/0/4 .resolv tri, L_0xb02050, L_0xb01c30, L_0xb01f70, L_0xb02320;
RS_0x7f551a9e2a48 .resolv tri, RS_0x7f551a9e2a48/0/0, RS_0x7f551a9e2a48/0/4, C4<zzzzzzzz>, C4<zzzzzzzz>;
v0xaf3d30_0 .net8 "l2", 7 0, RS_0x7f551a9e2a48; 8 drivers
v0xaf39e0_0 .net "l2c", 7 0, L_0xb02910; 1 drivers
L_0xaf3a80 .part/pv L_0xaf3b80, 0, 1, 16;
L_0xaf3c10 .part C4<zzzzzzzz>, 0, 1;
L_0xaf4110 .part C4<zzzzzzzz>, 0, 1;
L_0xaf4200 .part/pv L_0xaf42d0, 0, 1, 15;
L_0xaf43b0 .part C4<zzzzzzzz>, 1, 1;
L_0xaf44f0 .part C4<zzzzzzzz>, 0, 1;
L_0xaf4670 .part/pv L_0xaf4760, 1, 1, 15;
L_0xaf4810 .part C4<zzzzzzzz>, 0, 1;
L_0xaf4950 .part C4<zzzzzzzz>, 1, 1;
L_0xaf4a40 .part/pv L_0xaf4b40, 2, 1, 15;
L_0xaf4ba0 .part C4<zzzzzzzz>, 2, 1;
L_0xaf4d20 .part C4<zzzzzzzz>, 0, 1;
L_0xaf4ec0 .part/pv L_0xaf4ae0, 3, 1, 15;
L_0xaf4ff0 .part C4<zzzzzzzz>, 1, 1;
L_0xaf5110 .part C4<zzzzzzzz>, 1, 1;
L_0xaf5200 .part/pv L_0xaf5330, 4, 1, 15;
L_0xaf53e0 .part C4<zzzzzzzz>, 3, 1;
L_0xaf54d0 .part C4<zzzzzzzz>, 0, 1;
L_0xaf5660 .part/pv L_0xaf52a0, 5, 1, 15;
L_0xaf5750 .part C4<zzzzzzzz>, 2, 1;
L_0xaf55c0 .part C4<zzzzzzzz>, 1, 1;
L_0xaf5940 .part/pv L_0xaf5840, 6, 1, 15;
L_0xaf5af0 .part C4<zzzzzzzz>, 4, 1;
L_0xaf5cf0 .part C4<zzzzzzzz>, 0, 1;
L_0xaf59e0 .part/pv L_0xaf4dc0, 7, 1, 15;
L_0xaf6080 .part C4<zzzzzzzz>, 3, 1;
L_0xaf5ea0 .part C4<zzzzzzzz>, 3, 1;
L_0xaf62a0 .part/pv L_0xaf6170, 8, 1, 15;
L_0xaf6490 .part C4<zzzzzzzz>, 5, 1;
L_0xaf6530 .part C4<zzzzzzzz>, 0, 1;
L_0xaf6340 .part/pv L_0xaf6720, 9, 1, 15;
L_0xaf6780 .part C4<zzzzzzzz>, 4, 1;
L_0xaf6620 .part C4<zzzzzzzz>, 1, 1;
L_0xaf6980 .part/pv L_0xaf6870, 10, 1, 15;
L_0xaf6b40 .part C4<zzzzzzzz>, 6, 1;
L_0xaf6be0 .part C4<zzzzzzzz>, 0, 1;
L_0xaf6a20 .part/pv L_0xaf6430, 11, 1, 15;
L_0xaf6e00 .part C4<zzzzzzzz>, 5, 1;
L_0xaf6cd0 .part C4<zzzzzzzz>, 1, 1;
L_0xaf7030 .part/pv L_0xaf6ef0, 12, 1, 15;
L_0xaf7220 .part C4<zzzzzzzz>, 7, 1;
L_0xaf72c0 .part C4<zzzzzzzz>, 0, 1;
L_0xaf70d0 .part/pv L_0xaf7170, 13, 1, 15;
L_0xaf7510 .part C4<zzzzzzzz>, 6, 1;
L_0xaf73b0 .part C4<zzzzzzzz>, 1, 1;
L_0xaf7770 .part/pv L_0xaf74a0, 14, 1, 15;
L_0xaf7990 .part C4<zzzzzzzz>, 7, 1;
L_0xaf5be0 .part C4<zzzzzzzz>, 1, 1;
L_0xaf7860 .part RS_0x7f551a9e2928, 0, 1;
L_0xaf5f40 .part RS_0x7f551a9e2928, 1, 1;
L_0xaf5fe0 .part/pv L_0xaf5d90, 1, 1, 16;
L_0xaf7ea0 .part/pv L_0xaf5df0, 0, 1, 8;
L_0xaf8710 .part RS_0x7f551a9e2928, 2, 1;
L_0xaf87b0 .part RS_0x7f551a9e2928, 3, 1;
L_0xaf81f0 .part RS_0x7f551a9e2958, 0, 1;
L_0xaf82e0 .part/pv L_0xaf8400, 0, 1, 7;
L_0xaf8850 .part/pv L_0xaf8610, 1, 1, 8;
L_0xaf8f30 .part RS_0x7f551a9e2928, 4, 1;
L_0xaf8a60 .part RS_0x7f551a9e2928, 5, 1;
L_0xaf8b00 .part RS_0x7f551a9e2958, 1, 1;
L_0xaf91c0 .part/pv L_0xaf89a0, 1, 1, 7;
L_0xaf92b0 .part/pv L_0xaf8e30, 2, 1, 8;
L_0xaf97a0 .part RS_0x7f551a9e2928, 6, 1;
L_0xaf9840 .part RS_0x7f551a9e2928, 7, 1;
L_0xaf93a0 .part RS_0x7f551a9e2958, 2, 1;
L_0xaf9440 .part/pv L_0xaf9030, 2, 1, 7;
L_0xaf9b00 .part/pv L_0xaf96a0, 3, 1, 8;
L_0xaf9f60 .part RS_0x7f551a9e2928, 8, 1;
L_0xaf98e0 .part RS_0x7f551a9e2928, 9, 1;
L_0xaf9980 .part RS_0x7f551a9e2958, 3, 1;
L_0xaf9a20 .part/pv L_0xaf9c00, 3, 1, 7;
L_0xafa000 .part/pv L_0xaf9e60, 4, 1, 8;
L_0xafa840 .part RS_0x7f551a9e2928, 10, 1;
L_0xafa8e0 .part RS_0x7f551a9e2928, 11, 1;
L_0xafa340 .part RS_0x7f551a9e2958, 4, 1;
L_0xafa3e0 .part/pv L_0xafa150, 4, 1, 7;
L_0xafa4d0 .part/pv L_0xafa740, 5, 1, 8;
L_0xafb000 .part RS_0x7f551a9e2928, 12, 1;
L_0xafa980 .part RS_0x7f551a9e2928, 13, 1;
L_0xafaa20 .part RS_0x7f551a9e2958, 5, 1;
L_0xafaac0 .part/pv L_0xafaca0, 5, 1, 7;
L_0xafb330 .part/pv L_0xafaf00, 6, 1, 8;
L_0xafb200 .part RS_0x7f551a9e2928, 14, 1;
L_0xafb6c0 .part RS_0x7f551a9e2958, 6, 1;
L_0xafb420 .part/pv L_0xafb0a0, 6, 1, 7;
L_0xafb510 .part/pv L_0xafb100, 7, 1, 8;
L_0xafb600 .part/pv L_0xafb2a0, 0, 1, 8;
L_0xafba70 .part C4<zzzzzzzz>, 0, 1;
L_0xafb760 .part C4<zzzzzzzz>, 2, 1;
L_0xafb850 .part/pv L_0xafb940, 1, 1, 8;
L_0xafbee0 .part C4<zzzzzzzz>, 1, 1;
L_0xafbf80 .part C4<zzzzzzzz>, 2, 1;
L_0xafbb60 .part/pv L_0xafbc00, 2, 1, 8;
L_0xafbcb0 .part C4<zzzzzzzz>, 2, 1;
L_0xafbda0 .part C4<zzzzzzzz>, 2, 1;
L_0xafc3c0 .part/pv L_0xafc070, 3, 1, 8;
L_0xafbe40 .part C4<zzzzzzzz>, 3, 1;
L_0xafc1d0 .part C4<zzzzzzzz>, 2, 1;
L_0xafc2c0 .part/pv L_0xafc810, 4, 1, 8;
L_0xafc8c0 .part C4<zzzzzzzz>, 4, 1;
L_0xafc4f0 .part C4<zzzzzzzz>, 2, 1;
L_0xafc5e0 .part/pv L_0xafc680, 5, 1, 8;
L_0xafc0d0 .part C4<zzzzzzzz>, 5, 1;
L_0xafcd40 .part C4<zzzzzzzz>, 2, 1;
L_0xafc9b0 .part/pv L_0xafca50, 6, 1, 8;
L_0xafcb00 .part C4<zzzzzzzz>, 6, 1;
L_0xafcbf0 .part C4<zzzzzzzz>, 2, 1;
L_0xafd190 .part/pv L_0xafc460, 7, 1, 8;
L_0xafce80 .part C4<zzzzzzzz>, 7, 1;
L_0xafcf70 .part C4<zzzzzzzz>, 2, 1;
L_0xafd710 .part RS_0x7f551a9e29b8, 0, 1;
L_0xafd7b0 .part RS_0x7f551a9e2988, 0, 1;
L_0xafd340 .part/pv L_0xafd060, 1, 1, 16;
L_0xafd430 .part/pv L_0xafd0c0, 0, 1, 8;
L_0xafdf00 .part RS_0x7f551a9e29b8, 1, 1;
L_0xafdfa0 .part RS_0x7f551a9e2988, 1, 1;
L_0xafd960 .part RS_0x7f551a9e29e8, 0, 1;
L_0xafda50 .part/pv L_0xafd580, 0, 1, 7;
L_0xafdb40 .part/pv L_0xafde00, 1, 1, 8;
L_0xafe700 .part RS_0x7f551a9e29b8, 2, 1;
L_0xafe040 .part RS_0x7f551a9e2988, 2, 1;
L_0xafe0e0 .part RS_0x7f551a9e29e8, 1, 1;
L_0xafe210 .part/pv L_0xafdc90, 1, 1, 7;
L_0xafe300 .part/pv L_0xafe600, 2, 1, 8;
L_0xafef50 .part RS_0x7f551a9e29b8, 3, 1;
L_0xafeff0 .part RS_0x7f551a9e2988, 3, 1;
L_0xaf4e20 .part RS_0x7f551a9e29e8, 2, 1;
L_0xaf0330 .part/pv L_0xafebf0, 2, 1, 7;
L_0xafe7a0 .part/pv L_0xafee50, 3, 1, 8;
L_0xaff540 .part RS_0x7f551a9e29b8, 4, 1;
L_0xaff090 .part RS_0x7f551a9e2988, 4, 1;
L_0xaff130 .part RS_0x7f551a9e29e8, 3, 1;
L_0xaff2e0 .part/pv L_0xafe8f0, 3, 1, 7;
L_0xaff380 .part/pv L_0xaf5090, 4, 1, 8;
L_0xaffde0 .part RS_0x7f551a9e29b8, 5, 1;
L_0xaffe80 .part RS_0x7f551a9e2988, 5, 1;
L_0xaff5e0 .part RS_0x7f551a9e29e8, 4, 1;
L_0xaff680 .part/pv L_0xaffa80, 4, 1, 7;
L_0xaff770 .part/pv L_0xaffce0, 5, 1, 8;
L_0xb00580 .part RS_0x7f551a9e29b8, 6, 1;
L_0xafff20 .part RS_0x7f551a9e2988, 6, 1;
L_0xafffc0 .part RS_0x7f551a9e29e8, 5, 1;
L_0xb00060 .part/pv L_0xaff8c0, 5, 1, 7;
L_0xb00150 .part/pv L_0xb00480, 6, 1, 8;
L_0xb00d60 .part RS_0x7f551a9e29b8, 7, 1;
L_0xafd230 .part RS_0x7f551a9e29e8, 6, 1;
L_0xb00620 .part/pv L_0xb002a0, 6, 1, 7;
L_0xb00710 .part/pv L_0xb00c60, 7, 1, 8;
L_0xb00800 .part/pv L_0xb008a0, 0, 1, 8;
L_0xb00950 .part C4<zzzzzzzz>, 0, 1;
L_0xb014d0 .part C4<zzzzzzzz>, 3, 1;
L_0xb01570 .part/pv L_0xb01010, 1, 1, 8;
L_0xb010c0 .part C4<zzzzzzzz>, 1, 1;
L_0xb011b0 .part C4<zzzzzzzz>, 3, 1;
L_0xb012a0 .part/pv L_0xb01340, 2, 1, 8;
L_0xb013f0 .part C4<zzzzzzzz>, 2, 1;
L_0xb01610 .part C4<zzzzzzzz>, 3, 1;
L_0xb01700 .part/pv L_0xaefe20, 3, 1, 8;
L_0xafc730 .part C4<zzzzzzzz>, 3, 1;
L_0xb01970 .part C4<zzzzzzzz>, 3, 1;
L_0xb02050 .part/pv L_0xb01a60, 4, 1, 8;
L_0xb02140 .part C4<zzzzzzzz>, 4, 1;
L_0xb01b40 .part C4<zzzzzzzz>, 3, 1;
L_0xb01c30 .part/pv L_0xb01cd0, 5, 1, 8;
L_0xb01830 .part C4<zzzzzzzz>, 5, 1;
L_0xb01e80 .part C4<zzzzzzzz>, 3, 1;
L_0xb01f70 .part/pv L_0xb02770, 6, 1, 8;
L_0xb02820 .part C4<zzzzzzzz>, 6, 1;
L_0xb02230 .part C4<zzzzzzzz>, 3, 1;
L_0xb02320 .part/pv L_0xb017a0, 7, 1, 8;
L_0xb01d80 .part C4<zzzzzzzz>, 7, 1;
L_0xb02630 .part C4<zzzzzzzz>, 3, 1;
L_0xaf7b40 .part RS_0x7f551a9e2a48, 0, 1;
L_0xaf7be0 .part RS_0x7f551a9e2a18, 0, 1;
L_0xaf7d90 .part/pv L_0xaf7a30, 2, 1, 16;
L_0xb02910 .part/pv L_0xaf7a90, 0, 1, 8;
S_0xaef410 .scope module, "l0h0" "half_adder" 2 36, 3 1, S_0xa7e760;
 .timescale 0 0;
L_0xaf5d90 .functor XOR 1, L_0xaf7860, L_0xaf5f40, C4<0>, C4<0>;
L_0xaf5df0 .functor AND 1, L_0xaf7860, L_0xaf5f40, C4<1>, C4<1>;
v0xaef500_0 .net "A", 0 0, L_0xaf7860; 1 drivers
v0xaef5c0_0 .net "B", 0 0, L_0xaf5f40; 1 drivers
v0xaef660_0 .net "Cout", 0 0, L_0xaf5df0; 1 drivers
v0xaef700_0 .net "S", 0 0, L_0xaf5d90; 1 drivers
S_0xaeedd0 .scope module, "l0f0" "full_adder" 2 37, 4 1, S_0xa7e760;
 .timescale 0 0;
L_0xaf83a0 .functor XOR 1, L_0xaf8710, L_0xaf87b0, C4<0>, C4<0>;
L_0xaf8400 .functor XOR 1, L_0xaf83a0, L_0xaf81f0, C4<0>, C4<0>;
L_0xaf8460 .functor AND 1, L_0xaf83a0, L_0xaf81f0, C4<1>, C4<1>;
L_0xaf8510 .functor AND 1, L_0xaf8710, L_0xaf87b0, C4<1>, C4<1>;
L_0xaf8610 .functor OR 1, L_0xaf8460, L_0xaf8510, C4<0>, C4<0>;
v0xaeeec0_0 .net "A", 0 0, L_0xaf8710; 1 drivers
v0xaeef80_0 .net "B", 0 0, L_0xaf87b0; 1 drivers
v0xaef020_0 .net "Cin", 0 0, L_0xaf81f0; 1 drivers
v0xaef0c0_0 .net "Cout", 0 0, L_0xaf8610; 1 drivers
v0xaef140_0 .net "S", 0 0, L_0xaf8400; 1 drivers
v0xaef1e0_0 .net "and1", 0 0, L_0xaf8460; 1 drivers
v0xaef280_0 .net "and2", 0 0, L_0xaf8510; 1 drivers
v0xaef320_0 .net "xor1", 0 0, L_0xaf83a0; 1 drivers
S_0xaee790 .scope module, "l0f1" "full_adder" 2 38, 4 1, S_0xa7e760;
 .timescale 0 0;
L_0xaf8940 .functor XOR 1, L_0xaf8f30, L_0xaf8a60, C4<0>, C4<0>;
L_0xaf89a0 .functor XOR 1, L_0xaf8940, L_0xaf8b00, C4<0>, C4<0>;
L_0xaf8c80 .functor AND 1, L_0xaf8940, L_0xaf8b00, C4<1>, C4<1>;
L_0xaf8d30 .functor AND 1, L_0xaf8f30, L_0xaf8a60, C4<1>, C4<1>;
L_0xaf8e30 .functor OR 1, L_0xaf8c80, L_0xaf8d30, C4<0>, C4<0>;
v0xaee880_0 .net "A", 0 0, L_0xaf8f30; 1 drivers
v0xaee940_0 .net "B", 0 0, L_0xaf8a60; 1 drivers
v0xaee9e0_0 .net "Cin", 0 0, L_0xaf8b00; 1 drivers
v0xaeea80_0 .net "Cout", 0 0, L_0xaf8e30; 1 drivers
v0xaeeb00_0 .net "S", 0 0, L_0xaf89a0; 1 drivers
v0xaeeba0_0 .net "and1", 0 0, L_0xaf8c80; 1 drivers
v0xaeec40_0 .net "and2", 0 0, L_0xaf8d30; 1 drivers
v0xaeece0_0 .net "xor1", 0 0, L_0xaf8940; 1 drivers
S_0xaee150 .scope module, "l0f2" "full_adder" 2 39, 4 1, S_0xa7e760;
 .timescale 0 0;
L_0xaf8fd0 .functor XOR 1, L_0xaf97a0, L_0xaf9840, C4<0>, C4<0>;
L_0xaf9030 .functor XOR 1, L_0xaf8fd0, L_0xaf93a0, C4<0>, C4<0>;
L_0xaf90e0 .functor AND 1, L_0xaf8fd0, L_0xaf93a0, C4<1>, C4<1>;
L_0xaf95a0 .functor AND 1, L_0xaf97a0, L_0xaf9840, C4<1>, C4<1>;
L_0xaf96a0 .functor OR 1, L_0xaf90e0, L_0xaf95a0, C4<0>, C4<0>;
v0xaee240_0 .net "A", 0 0, L_0xaf97a0; 1 drivers
v0xaee300_0 .net "B", 0 0, L_0xaf9840; 1 drivers
v0xaee3a0_0 .net "Cin", 0 0, L_0xaf93a0; 1 drivers
v0xaee440_0 .net "Cout", 0 0, L_0xaf96a0; 1 drivers
v0xaee4c0_0 .net "S", 0 0, L_0xaf9030; 1 drivers
v0xaee560_0 .net "and1", 0 0, L_0xaf90e0; 1 drivers
v0xaee600_0 .net "and2", 0 0, L_0xaf95a0; 1 drivers
v0xaee6a0_0 .net "xor1", 0 0, L_0xaf8fd0; 1 drivers
S_0xaedb10 .scope module, "l0f3" "full_adder" 2 40, 4 1, S_0xa7e760;
 .timescale 0 0;
L_0xaf9ba0 .functor XOR 1, L_0xaf9f60, L_0xaf98e0, C4<0>, C4<0>;
L_0xaf9c00 .functor XOR 1, L_0xaf9ba0, L_0xaf9980, C4<0>, C4<0>;
L_0xaf9cb0 .functor AND 1, L_0xaf9ba0, L_0xaf9980, C4<1>, C4<1>;
L_0xaf9d60 .functor AND 1, L_0xaf9f60, L_0xaf98e0, C4<1>, C4<1>;
L_0xaf9e60 .functor OR 1, L_0xaf9cb0, L_0xaf9d60, C4<0>, C4<0>;
v0xaedc00_0 .net "A", 0 0, L_0xaf9f60; 1 drivers
v0xaedcc0_0 .net "B", 0 0, L_0xaf98e0; 1 drivers
v0xaedd60_0 .net "Cin", 0 0, L_0xaf9980; 1 drivers
v0xaede00_0 .net "Cout", 0 0, L_0xaf9e60; 1 drivers
v0xaede80_0 .net "S", 0 0, L_0xaf9c00; 1 drivers
v0xaedf20_0 .net "and1", 0 0, L_0xaf9cb0; 1 drivers
v0xaedfc0_0 .net "and2", 0 0, L_0xaf9d60; 1 drivers
v0xaee060_0 .net "xor1", 0 0, L_0xaf9ba0; 1 drivers
S_0xaed4d0 .scope module, "l0f4" "full_adder" 2 41, 4 1, S_0xa7e760;
 .timescale 0 0;
L_0xafa0f0 .functor XOR 1, L_0xafa840, L_0xafa8e0, C4<0>, C4<0>;
L_0xafa150 .functor XOR 1, L_0xafa0f0, L_0xafa340, C4<0>, C4<0>;
L_0xafa590 .functor AND 1, L_0xafa0f0, L_0xafa340, C4<1>, C4<1>;
L_0xafa640 .functor AND 1, L_0xafa840, L_0xafa8e0, C4<1>, C4<1>;
L_0xafa740 .functor OR 1, L_0xafa590, L_0xafa640, C4<0>, C4<0>;
v0xaed5c0_0 .net "A", 0 0, L_0xafa840; 1 drivers
v0xaed680_0 .net "B", 0 0, L_0xafa8e0; 1 drivers
v0xaed720_0 .net "Cin", 0 0, L_0xafa340; 1 drivers
v0xaed7c0_0 .net "Cout", 0 0, L_0xafa740; 1 drivers
v0xaed840_0 .net "S", 0 0, L_0xafa150; 1 drivers
v0xaed8e0_0 .net "and1", 0 0, L_0xafa590; 1 drivers
v0xaed980_0 .net "and2", 0 0, L_0xafa640; 1 drivers
v0xaeda20_0 .net "xor1", 0 0, L_0xafa0f0; 1 drivers
S_0xaece60 .scope module, "l0f5" "full_adder" 2 42, 4 1, S_0xa7e760;
 .timescale 0 0;
L_0xafac40 .functor XOR 1, L_0xafb000, L_0xafa980, C4<0>, C4<0>;
L_0xafaca0 .functor XOR 1, L_0xafac40, L_0xafaa20, C4<0>, C4<0>;
L_0xafad50 .functor AND 1, L_0xafac40, L_0xafaa20, C4<1>, C4<1>;
L_0xafae00 .functor AND 1, L_0xafb000, L_0xafa980, C4<1>, C4<1>;
L_0xafaf00 .functor OR 1, L_0xafad50, L_0xafae00, C4<0>, C4<0>;
v0xaecf50_0 .net "A", 0 0, L_0xafb000; 1 drivers
v0xaed010_0 .net "B", 0 0, L_0xafa980; 1 drivers
v0xaed0b0_0 .net "Cin", 0 0, L_0xafaa20; 1 drivers
v0xaed150_0 .net "Cout", 0 0, L_0xafaf00; 1 drivers
v0xaed200_0 .net "S", 0 0, L_0xafaca0; 1 drivers
v0xaed2a0_0 .net "and1", 0 0, L_0xafad50; 1 drivers
v0xaed340_0 .net "and2", 0 0, L_0xafae00; 1 drivers
v0xaed3e0_0 .net "xor1", 0 0, L_0xafac40; 1 drivers
S_0xaecac0 .scope module, "l0h1" "half_adder" 2 43, 3 1, S_0xa7e760;
 .timescale 0 0;
L_0xafb0a0 .functor XOR 1, L_0xafb200, L_0xafb6c0, C4<0>, C4<0>;
L_0xafb100 .functor AND 1, L_0xafb200, L_0xafb6c0, C4<1>, C4<1>;
v0xaecbb0_0 .net "A", 0 0, L_0xafb200; 1 drivers
v0xaecc70_0 .net "B", 0 0, L_0xafb6c0; 1 drivers
v0xaecd10_0 .net "Cout", 0 0, L_0xafb100; 1 drivers
v0xaecdb0_0 .net "S", 0 0, L_0xafb0a0; 1 drivers
S_0xaec750 .scope module, "l1h0" "half_adder" 2 54, 3 1, S_0xa7e760;
 .timescale 0 0;
L_0xafd060 .functor XOR 1, L_0xafd710, L_0xafd7b0, C4<0>, C4<0>;
L_0xafd0c0 .functor AND 1, L_0xafd710, L_0xafd7b0, C4<1>, C4<1>;
v0xaec840_0 .net "A", 0 0, L_0xafd710; 1 drivers
v0xaec900_0 .net "B", 0 0, L_0xafd7b0; 1 drivers
v0xaec9a0_0 .net "Cout", 0 0, L_0xafd0c0; 1 drivers
v0xaeca40_0 .net "S", 0 0, L_0xafd060; 1 drivers
S_0xaec110 .scope module, "l1f0" "full_adder" 2 55, 4 1, S_0xa7e760;
 .timescale 0 0;
L_0xafd520 .functor XOR 1, L_0xafdf00, L_0xafdfa0, C4<0>, C4<0>;
L_0xafd580 .functor XOR 1, L_0xafd520, L_0xafd960, C4<0>, C4<0>;
L_0xafd630 .functor AND 1, L_0xafd520, L_0xafd960, C4<1>, C4<1>;
L_0xafdd00 .functor AND 1, L_0xafdf00, L_0xafdfa0, C4<1>, C4<1>;
L_0xafde00 .functor OR 1, L_0xafd630, L_0xafdd00, C4<0>, C4<0>;
v0xaec200_0 .net "A", 0 0, L_0xafdf00; 1 drivers
v0xaec2c0_0 .net "B", 0 0, L_0xafdfa0; 1 drivers
v0xaec360_0 .net "Cin", 0 0, L_0xafd960; 1 drivers
v0xaec400_0 .net "Cout", 0 0, L_0xafde00; 1 drivers
v0xaec480_0 .net "S", 0 0, L_0xafd580; 1 drivers
v0xaec520_0 .net "and1", 0 0, L_0xafd630; 1 drivers
v0xaec5c0_0 .net "and2", 0 0, L_0xafdd00; 1 drivers
v0xaec660_0 .net "xor1", 0 0, L_0xafd520; 1 drivers
S_0xaebad0 .scope module, "l2f0" "full_adder" 2 56, 4 1, S_0xa7e760;
 .timescale 0 0;
L_0xafdc30 .functor XOR 1, L_0xafe700, L_0xafe040, C4<0>, C4<0>;
L_0xafdc90 .functor XOR 1, L_0xafdc30, L_0xafe0e0, C4<0>, C4<0>;
L_0xafe450 .functor AND 1, L_0xafdc30, L_0xafe0e0, C4<1>, C4<1>;
L_0xafe500 .functor AND 1, L_0xafe700, L_0xafe040, C4<1>, C4<1>;
L_0xafe600 .functor OR 1, L_0xafe450, L_0xafe500, C4<0>, C4<0>;
v0xaebbc0_0 .net "A", 0 0, L_0xafe700; 1 drivers
v0xaebc80_0 .net "B", 0 0, L_0xafe040; 1 drivers
v0xaebd20_0 .net "Cin", 0 0, L_0xafe0e0; 1 drivers
v0xaebdc0_0 .net "Cout", 0 0, L_0xafe600; 1 drivers
v0xaebe40_0 .net "S", 0 0, L_0xafdc90; 1 drivers
v0xaebee0_0 .net "and1", 0 0, L_0xafe450; 1 drivers
v0xaebf80_0 .net "and2", 0 0, L_0xafe500; 1 drivers
v0xaec020_0 .net "xor1", 0 0, L_0xafdc30; 1 drivers
S_0xaeb490 .scope module, "l3f0" "full_adder" 2 57, 4 1, S_0xa7e760;
 .timescale 0 0;
L_0xafeb90 .functor XOR 1, L_0xafef50, L_0xafeff0, C4<0>, C4<0>;
L_0xafebf0 .functor XOR 1, L_0xafeb90, L_0xaf4e20, C4<0>, C4<0>;
L_0xafeca0 .functor AND 1, L_0xafeb90, L_0xaf4e20, C4<1>, C4<1>;
L_0xafed50 .functor AND 1, L_0xafef50, L_0xafeff0, C4<1>, C4<1>;
L_0xafee50 .functor OR 1, L_0xafeca0, L_0xafed50, C4<0>, C4<0>;
v0xaeb580_0 .net "A", 0 0, L_0xafef50; 1 drivers
v0xaeb640_0 .net "B", 0 0, L_0xafeff0; 1 drivers
v0xaeb6e0_0 .net "Cin", 0 0, L_0xaf4e20; 1 drivers
v0xaeb780_0 .net "Cout", 0 0, L_0xafee50; 1 drivers
v0xaeb800_0 .net "S", 0 0, L_0xafebf0; 1 drivers
v0xaeb8a0_0 .net "and1", 0 0, L_0xafeca0; 1 drivers
v0xaeb940_0 .net "and2", 0 0, L_0xafed50; 1 drivers
v0xaeb9e0_0 .net "xor1", 0 0, L_0xafeb90; 1 drivers
S_0xaeae50 .scope module, "l4f0" "full_adder" 2 58, 4 1, S_0xa7e760;
 .timescale 0 0;
L_0xafe890 .functor XOR 1, L_0xaff540, L_0xaff090, C4<0>, C4<0>;
L_0xafe8f0 .functor XOR 1, L_0xafe890, L_0xaff130, C4<0>, C4<0>;
L_0xafe9a0 .functor AND 1, L_0xafe890, L_0xaff130, C4<1>, C4<1>;
L_0xafea50 .functor AND 1, L_0xaff540, L_0xaff090, C4<1>, C4<1>;
L_0xaf5090 .functor OR 1, L_0xafe9a0, L_0xafea50, C4<0>, C4<0>;
v0xaeaf40_0 .net "A", 0 0, L_0xaff540; 1 drivers
v0xaeb000_0 .net "B", 0 0, L_0xaff090; 1 drivers
v0xaeb0a0_0 .net "Cin", 0 0, L_0xaff130; 1 drivers
v0xaeb140_0 .net "Cout", 0 0, L_0xaf5090; 1 drivers
v0xaeb1c0_0 .net "S", 0 0, L_0xafe8f0; 1 drivers
v0xaeb260_0 .net "and1", 0 0, L_0xafe9a0; 1 drivers
v0xaeb300_0 .net "and2", 0 0, L_0xafea50; 1 drivers
v0xaeb3a0_0 .net "xor1", 0 0, L_0xafe890; 1 drivers
S_0xaea810 .scope module, "l5f0" "full_adder" 2 59, 4 1, S_0xa7e760;
 .timescale 0 0;
L_0xaffa20 .functor XOR 1, L_0xaffde0, L_0xaffe80, C4<0>, C4<0>;
L_0xaffa80 .functor XOR 1, L_0xaffa20, L_0xaff5e0, C4<0>, C4<0>;
L_0xaffb30 .functor AND 1, L_0xaffa20, L_0xaff5e0, C4<1>, C4<1>;
L_0xaffbe0 .functor AND 1, L_0xaffde0, L_0xaffe80, C4<1>, C4<1>;
L_0xaffce0 .functor OR 1, L_0xaffb30, L_0xaffbe0, C4<0>, C4<0>;
v0xaea900_0 .net "A", 0 0, L_0xaffde0; 1 drivers
v0xaea9c0_0 .net "B", 0 0, L_0xaffe80; 1 drivers
v0xaeaa60_0 .net "Cin", 0 0, L_0xaff5e0; 1 drivers
v0xaeab00_0 .net "Cout", 0 0, L_0xaffce0; 1 drivers
v0xaeab80_0 .net "S", 0 0, L_0xaffa80; 1 drivers
v0xaeac20_0 .net "and1", 0 0, L_0xaffb30; 1 drivers
v0xaeacc0_0 .net "and2", 0 0, L_0xaffbe0; 1 drivers
v0xaead60_0 .net "xor1", 0 0, L_0xaffa20; 1 drivers
S_0xaea1d0 .scope module, "l6f0" "full_adder" 2 60, 4 1, S_0xa7e760;
 .timescale 0 0;
L_0xaff860 .functor XOR 1, L_0xb00580, L_0xafff20, C4<0>, C4<0>;
L_0xaff8c0 .functor XOR 1, L_0xaff860, L_0xafffc0, C4<0>, C4<0>;
L_0xaff970 .functor AND 1, L_0xaff860, L_0xafffc0, C4<1>, C4<1>;
L_0xb00380 .functor AND 1, L_0xb00580, L_0xafff20, C4<1>, C4<1>;
L_0xb00480 .functor OR 1, L_0xaff970, L_0xb00380, C4<0>, C4<0>;
v0xaea2c0_0 .net "A", 0 0, L_0xb00580; 1 drivers
v0xaea380_0 .net "B", 0 0, L_0xafff20; 1 drivers
v0xaea420_0 .net "Cin", 0 0, L_0xafffc0; 1 drivers
v0xaea4c0_0 .net "Cout", 0 0, L_0xb00480; 1 drivers
v0xaea540_0 .net "S", 0 0, L_0xaff8c0; 1 drivers
v0xaea5e0_0 .net "and1", 0 0, L_0xaff970; 1 drivers
v0xaea680_0 .net "and2", 0 0, L_0xb00380; 1 drivers
v0xaea720_0 .net "xor1", 0 0, L_0xaff860; 1 drivers
S_0xae9b20 .scope module, "l7f0" "full_adder" 2 61, 4 1, S_0xa7e760;
 .timescale 0 0;
L_0xb00240 .functor XOR 1, L_0xb00d60, C4<x>, C4<0>, C4<0>;
L_0xb002a0 .functor XOR 1, L_0xb00240, L_0xafd230, C4<0>, C4<0>;
L_0xb00ab0 .functor AND 1, L_0xb00240, L_0xafd230, C4<1>, C4<1>;
L_0xb00b60 .functor AND 1, L_0xb00d60, C4<x>, C4<1>, C4<1>;
L_0xb00c60 .functor OR 1, L_0xb00ab0, L_0xb00b60, C4<0>, C4<0>;
v0xae9c10_0 .net "A", 0 0, L_0xb00d60; 1 drivers
v0xae9cd0_0 .net "B", 0 0, C4<x>; 1 drivers
v0xae9d70_0 .net "Cin", 0 0, L_0xafd230; 1 drivers
v0xae9e10_0 .net "Cout", 0 0, L_0xb00c60; 1 drivers
v0xae9ec0_0 .net "S", 0 0, L_0xb002a0; 1 drivers
v0xae9f60_0 .net "and1", 0 0, L_0xb00ab0; 1 drivers
v0xaea040_0 .net "and2", 0 0, L_0xb00b60; 1 drivers
v0xaea0e0_0 .net "xor1", 0 0, L_0xb00240; 1 drivers
S_0xad08f0 .scope module, "l2h0" "half_adder" 2 72, 3 1, S_0xa7e760;
 .timescale 0 0;
L_0xaf7a30 .functor XOR 1, L_0xaf7b40, L_0xaf7be0, C4<0>, C4<0>;
L_0xaf7a90 .functor AND 1, L_0xaf7b40, L_0xaf7be0, C4<1>, C4<1>;
v0xad0360_0 .net "A", 0 0, L_0xaf7b40; 1 drivers
v0xae9930_0 .net "B", 0 0, L_0xaf7be0; 1 drivers
v0xae99d0_0 .net "Cout", 0 0, L_0xaf7a90; 1 drivers
v0xae9a70_0 .net "S", 0 0, L_0xaf7a30; 1 drivers
# The file index is used to find the file name in the following table.
:file_names 5;
    "N/A";
    "<interactive>";
    "mult16.v";
    "half_adder.v";
    "full_adder.v";
